[2014-05-19 17:39:26] request.INFO: Matched route "cms_main_default_index" (parameters: "_controller": "CMS\MainBundle\Controller\DefaultController::indexAction", "_route": "cms_main_default_index") [] []
[2014-05-19 17:39:26] security.INFO: Populated SecurityContext with an anonymous Token [] []
[2014-05-19 17:39:27] request.CRITICAL: Uncaught PHP Exception PDOException: "SQLSTATE[HY000] [1049] Unknown database 'info'" at E:\xampp\htdocs\info\vendor\doctrine\dbal\lib\Doctrine\DBAL\Driver\PDOConnection.php line 40 {"exception":"[object] (PDOException: SQLSTATE[HY000] [1049] Unknown database 'info' at E:\\xampp\\htdocs\\info\\vendor\\doctrine\\dbal\\lib\\Doctrine\\DBAL\\Driver\\PDOConnection.php:40)"} []
[2014-05-19 17:39:27] security.DEBUG: Write SecurityContext in the session [] []
[2014-05-19 17:41:33] request.INFO: Matched route "cms_main_default_index" (parameters: "_controller": "CMS\MainBundle\Controller\DefaultController::indexAction", "_route": "cms_main_default_index") [] []
[2014-05-19 17:41:33] security.INFO: Populated SecurityContext with an anonymous Token [] []
[2014-05-19 17:41:34] request.CRITICAL: Uncaught PHP Exception PDOException: "SQLSTATE[HY000] [1049] Unknown database 'info'" at E:\xampp\htdocs\info\vendor\doctrine\dbal\lib\Doctrine\DBAL\Driver\PDOConnection.php line 40 {"exception":"[object] (PDOException: SQLSTATE[HY000] [1049] Unknown database 'info' at E:\\xampp\\htdocs\\info\\vendor\\doctrine\\dbal\\lib\\Doctrine\\DBAL\\Driver\\PDOConnection.php:40)"} []
[2014-05-19 17:41:34] security.DEBUG: Write SecurityContext in the session [] []
[2014-05-19 17:42:48] request.ERROR: Uncaught PHP Exception Symfony\Component\HttpKernel\Exception\NotFoundHttpException: "No route found for "GET /bundles/main/ico/favicon.ico"" at E:\xampp\htdocs\info\app\cache\prod\classes.php line 1964 {"exception":"[object] (Symfony\\Component\\HttpKernel\\Exception\\NotFoundHttpException: No route found for \"GET /bundles/main/ico/favicon.ico\" at E:\\xampp\\htdocs\\info\\app\\cache\\prod\\classes.php:1964, Symfony\\Component\\Routing\\Exception\\ResourceNotFoundException:  at E:\\xampp\\htdocs\\info\\app\\cache\\prod\\appProdUrlMatcher.php:684)"} []
[2014-05-19 17:44:50] request.INFO: Matched route "cms_main_default_index" (parameters: "_controller": "CMS\MainBundle\Controller\DefaultController::indexAction", "_route": "cms_main_default_index") [] []
[2014-05-19 17:44:50] security.DEBUG: Read SecurityContext from the session [] []
[2014-05-19 17:44:50] security.DEBUG: Reloading user from user provider. [] []
[2014-05-19 17:44:51] request.CRITICAL: Uncaught PHP Exception PDOException: "SQLSTATE[HY000] [1049] Unknown database 'info'" at E:\xampp\htdocs\info\vendor\doctrine\dbal\lib\Doctrine\DBAL\Driver\PDOConnection.php line 40 {"exception":"[object] (PDOException: SQLSTATE[HY000] [1049] Unknown database 'info' at E:\\xampp\\htdocs\\info\\vendor\\doctrine\\dbal\\lib\\Doctrine\\DBAL\\Driver\\PDOConnection.php:40)"} []
[2014-05-19 17:44:51] security.DEBUG: Write SecurityContext in the session [] []
[2014-05-19 17:44:54] request.INFO: Matched route "cms_main_default_index" (parameters: "_controller": "CMS\MainBundle\Controller\DefaultController::indexAction", "_route": "cms_main_default_index") [] []
[2014-05-19 17:44:54] security.INFO: Populated SecurityContext with an anonymous Token [] []
[2014-05-19 17:44:55] request.CRITICAL: Uncaught PHP Exception PDOException: "SQLSTATE[HY000] [1049] Unknown database 'info'" at E:\xampp\htdocs\info\vendor\doctrine\dbal\lib\Doctrine\DBAL\Driver\PDOConnection.php line 40 {"exception":"[object] (PDOException: SQLSTATE[HY000] [1049] Unknown database 'info' at E:\\xampp\\htdocs\\info\\vendor\\doctrine\\dbal\\lib\\Doctrine\\DBAL\\Driver\\PDOConnection.php:40)"} []
[2014-05-19 17:44:55] security.DEBUG: Write SecurityContext in the session [] []
[2014-05-19 17:44:56] request.INFO: Matched route "cms_main_default_index" (parameters: "_controller": "CMS\MainBundle\Controller\DefaultController::indexAction", "_route": "cms_main_default_index") [] []
[2014-05-19 17:44:56] security.INFO: Populated SecurityContext with an anonymous Token [] []
[2014-05-19 17:44:57] request.CRITICAL: Uncaught PHP Exception PDOException: "SQLSTATE[HY000] [1049] Unknown database 'info'" at E:\xampp\htdocs\info\vendor\doctrine\dbal\lib\Doctrine\DBAL\Driver\PDOConnection.php line 40 {"exception":"[object] (PDOException: SQLSTATE[HY000] [1049] Unknown database 'info' at E:\\xampp\\htdocs\\info\\vendor\\doctrine\\dbal\\lib\\Doctrine\\DBAL\\Driver\\PDOConnection.php:40)"} []
[2014-05-19 17:44:57] security.DEBUG: Write SecurityContext in the session [] []
[2014-05-19 17:45:46] request.ERROR: Uncaught PHP Exception Symfony\Component\HttpKernel\Exception\NotFoundHttpException: "No route found for "GET /bundles/main/ico/favicon.ico"" at E:\xampp\htdocs\info\app\cache\prod\classes.php line 1964 {"exception":"[object] (Symfony\\Component\\HttpKernel\\Exception\\NotFoundHttpException: No route found for \"GET /bundles/main/ico/favicon.ico\" at E:\\xampp\\htdocs\\info\\app\\cache\\prod\\classes.php:1964, Symfony\\Component\\Routing\\Exception\\ResourceNotFoundException:  at E:\\xampp\\htdocs\\info\\app\\cache\\prod\\appProdUrlMatcher.php:684)"} []
